GAS LISTING C:\Users\LRNA\AppData\Local\Temp\ccerRGCL.s 			page 1


   1              		.file	"CH59x_timer1.c"
   2              		.option nopic
   3              		.text
   4              		.section	.text.TMR1_TimerInit,"ax",@progbits
   5              		.align	1
   6              		.globl	TMR1_TimerInit
   8              	TMR1_TimerInit:
   9 0000 B7270040 		li	a5,1073750016
  10 0004 23A6A740 		sw	a0,1036(a5)
  11 0008 0947     		li	a4,2
  12 000a 2380E740 		sb	a4,1024(a5)
  13 000e 1147     		li	a4,4
  14 0010 2380E740 		sb	a4,1024(a5)
  15 0014 8280     		ret
  17              		.section	.text.TMR1_EXTSingleCounterInit,"ax",@progbits
  18              		.align	1
  19              		.globl	TMR1_EXTSingleCounterInit
  21              	TMR1_EXTSingleCounterInit:
  22 0000 1A05     		slli	a0,a0,6
  23 0002 B7270040 		li	a5,1073750016
  24 0006 0947     		li	a4,2
  25 0008 13655501 		ori	a0,a0,21
  26 000c 2380E740 		sb	a4,1024(a5)
  27 0010 1375F50F 		andi	a0,a0,0xff
  28 0014 2380A740 		sb	a0,1024(a5)
  29 0018 8280     		ret
  31              		.section	.text.TMR1_PWMInit,"ax",@progbits
  32              		.align	1
  33              		.globl	TMR1_PWMInit
  35              	TMR1_PWMInit:
  36 0000 1205     		slli	a0,a0,4
  37 0002 9A05     		slli	a1,a1,6
  38 0004 B7270040 		li	a5,1073750016
  39 0008 0947     		li	a4,2
  40 000a 4D8D     		or	a0,a0,a1
  41 000c 2380E740 		sb	a4,1024(a5)
  42 0010 1375F50F 		andi	a0,a0,0xff
  43 0014 2380A740 		sb	a0,1024(a5)
  44 0018 8280     		ret
  46              		.section	.text.TMR1_CapInit,"ax",@progbits
  47              		.align	1
  48              		.globl	TMR1_CapInit
  50              	TMR1_CapInit:
  51 0000 1A05     		slli	a0,a0,6
  52 0002 B7270040 		li	a5,1073750016
  53 0006 0947     		li	a4,2
  54 0008 13655500 		ori	a0,a0,5
  55 000c 2380E740 		sb	a4,1024(a5)
  56 0010 1375F50F 		andi	a0,a0,0xff
  57 0014 2380A740 		sb	a0,1024(a5)
  58 0018 8280     		ret
  60              		.section	.text.TMR1_DMACfg,"ax",@progbits
  61              		.align	1
  62              		.globl	TMR1_DMACfg
  64              	TMR1_DMACfg:
  65 0000 B7270040 		li	a5,1073750016
  66 0004 01E5     		bnez	a0,.L6
GAS LISTING C:\Users\LRNA\AppData\Local\Temp\ccerRGCL.s 			page 2


  67 0006 A3800740 		sb	zero,1025(a5)
  68 000a 8280     		ret
  69              	.L6:
  70 000c 239CB740 		sh	a1,1048(a5)
  71 0010 239EC740 		sh	a2,1052(a5)
  72 0014 1547     		li	a4,5
  73 0016 91E2     		bnez	a3,.L9
  74 0018 0547     		li	a4,1
  75              	.L9:
  76 001a A380E740 		sb	a4,1025(a5)
  77 001e 8280     		ret
  79              		.ident	"GCC: (xPack GNU RISC-V Embedded GCC, 32-bit) 8.2.0"
GAS LISTING C:\Users\LRNA\AppData\Local\Temp\ccerRGCL.s 			page 3


DEFINED SYMBOLS
                            *ABS*:0000000000000000 CH59x_timer1.c
C:\Users\LRNA\AppData\Local\Temp\ccerRGCL.s:8      .text.TMR1_TimerInit:0000000000000000 TMR1_TimerInit
C:\Users\LRNA\AppData\Local\Temp\ccerRGCL.s:21     .text.TMR1_EXTSingleCounterInit:0000000000000000 TMR1_EXTSingleCounterInit
C:\Users\LRNA\AppData\Local\Temp\ccerRGCL.s:35     .text.TMR1_PWMInit:0000000000000000 TMR1_PWMInit
C:\Users\LRNA\AppData\Local\Temp\ccerRGCL.s:50     .text.TMR1_CapInit:0000000000000000 TMR1_CapInit
C:\Users\LRNA\AppData\Local\Temp\ccerRGCL.s:64     .text.TMR1_DMACfg:0000000000000000 TMR1_DMACfg
C:\Users\LRNA\AppData\Local\Temp\ccerRGCL.s:69     .text.TMR1_DMACfg:000000000000000c .L6
C:\Users\LRNA\AppData\Local\Temp\ccerRGCL.s:75     .text.TMR1_DMACfg:000000000000001a .L9

NO UNDEFINED SYMBOLS
