GAS LISTING C:\Users\LRNA\AppData\Local\Temp\ccAHXN3o.s 			page 1


   1              		.file	"oled_driver.c"
   2              		.option nopic
   3              		.text
   4              		.section	.text.I2C_Delay,"ax",@progbits
   5              		.align	1
   6              		.globl	I2C_Delay
   8              	I2C_Delay:
   9 0000 4111     		addi	sp,sp,-16
  10 0002 A947     		li	a5,10
  11 0004 A307F100 		sb	a5,15(sp)
  12              	.L2:
  13 0008 8347F100 		lbu	a5,15(sp)
  14 000c 93F7F70F 		andi	a5,a5,0xff
  15 0010 1387F7FF 		addi	a4,a5,-1
  16 0014 1377F70F 		andi	a4,a4,0xff
  17 0018 A307E100 		sb	a4,15(sp)
  18 001c F5F7     		bnez	a5,.L2
  19 001e 4101     		addi	sp,sp,16
  20 0020 8280     		jr	ra
  22              		.section	.text.I2C_Start,"ax",@progbits
  23              		.align	1
  24              		.globl	I2C_Start
  26              	I2C_Start:
  27 0000 4111     		addi	sp,sp,-16
  28 0002 22C4     		sw	s0,8(sp)
  29 0004 37140040 		li	s0,1073745920
  30 0008 8327840C 		lw	a5,200(s0)
  31 000c 06C6     		sw	ra,12(sp)
  32 000e 93E70701 		ori	a5,a5,16
  33 0012 2324F40C 		sw	a5,200(s0)
  34 0016 8327840C 		lw	a5,200(s0)
  35 001a 93E70708 		ori	a5,a5,128
  36 001e 2324F40C 		sw	a5,200(s0)
  37 0022 97000000 		call	I2C_Delay
  37      E7800000 
  38 002a 8327C40C 		lw	a5,204(s0)
  39 002e 93E70701 		ori	a5,a5,16
  40 0032 2326F40C 		sw	a5,204(s0)
  41 0036 97000000 		call	I2C_Delay
  41      E7800000 
  42 003e 8327C40C 		lw	a5,204(s0)
  43 0042 B240     		lw	ra,12(sp)
  44 0044 93E70708 		ori	a5,a5,128
  45 0048 2326F40C 		sw	a5,204(s0)
  46 004c 2244     		lw	s0,8(sp)
  47 004e 4101     		addi	sp,sp,16
  48 0050 8280     		jr	ra
  50              		.section	.text.I2C_Stop,"ax",@progbits
  51              		.align	1
  52              		.globl	I2C_Stop
  54              	I2C_Stop:
  55 0000 4111     		addi	sp,sp,-16
  56 0002 22C4     		sw	s0,8(sp)
  57 0004 37140040 		li	s0,1073745920
  58 0008 8327C40C 		lw	a5,204(s0)
  59 000c 06C6     		sw	ra,12(sp)
  60 000e 93E70701 		ori	a5,a5,16
GAS LISTING C:\Users\LRNA\AppData\Local\Temp\ccAHXN3o.s 			page 2


  61 0012 2326F40C 		sw	a5,204(s0)
  62 0016 8327840C 		lw	a5,200(s0)
  63 001a 93E70708 		ori	a5,a5,128
  64 001e 2324F40C 		sw	a5,200(s0)
  65 0022 97000000 		call	I2C_Delay
  65      E7800000 
  66 002a 8327840C 		lw	a5,200(s0)
  67 002e B240     		lw	ra,12(sp)
  68 0030 93E70701 		ori	a5,a5,16
  69 0034 2324F40C 		sw	a5,200(s0)
  70 0038 2244     		lw	s0,8(sp)
  71 003a 4101     		addi	sp,sp,16
  72 003c 17030000 		tail	I2C_Delay
  72      67000300 
  74              		.section	.text.I2C_SendByte,"ax",@progbits
  75              		.align	1
  76              		.globl	I2C_SendByte
  78              	I2C_SendByte:
  79 0000 7971     		addi	sp,sp,-48
  80 0002 22D4     		sw	s0,40(sp)
  81 0004 26D2     		sw	s1,36(sp)
  82 0006 06D6     		sw	ra,44(sp)
  83 0008 4AD0     		sw	s2,32(sp)
  84 000a 4ECE     		sw	s3,28(sp)
  85 000c A144     		li	s1,8
  86 000e 37140040 		li	s0,1073745920
  87              	.L12:
  88 0012 93178501 		slli	a5,a0,24
  89 0016 E187     		srai	a5,a5,24
  90 0018 63D60708 		bgez	a5,.L10
  91 001c 8327840C 		lw	a5,200(s0)
  92 0020 93E70701 		ori	a5,a5,16
  93 0024 2324F40C 		sw	a5,200(s0)
  94              	.L11:
  95 0028 0605     		slli	a0,a0,1
  96 002a 1375F50F 		andi	a0,a0,0xff
  97 002e 2AC6     		sw	a0,12(sp)
  98 0030 97000000 		call	I2C_Delay
  98      E7800000 
  99 0038 8327840C 		lw	a5,200(s0)
 100 003c FD14     		addi	s1,s1,-1
 101 003e 93F4F40F 		andi	s1,s1,0xff
 102 0042 93E70708 		ori	a5,a5,128
 103 0046 2324F40C 		sw	a5,200(s0)
 104 004a 97000000 		call	I2C_Delay
 104      E7800000 
 105 0052 8327C40C 		lw	a5,204(s0)
 106 0056 3245     		lw	a0,12(sp)
 107 0058 93E70708 		ori	a5,a5,128
 108 005c 2326F40C 		sw	a5,204(s0)
 109 0060 CDF8     		bnez	s1,.L12
 110 0062 8327840C 		lw	a5,200(s0)
 111 0066 93E70701 		ori	a5,a5,16
 112 006a 2324F40C 		sw	a5,200(s0)
 113 006e 97000000 		call	I2C_Delay
 113      E7800000 
 114 0076 8327840C 		lw	a5,200(s0)
GAS LISTING C:\Users\LRNA\AppData\Local\Temp\ccAHXN3o.s 			page 3


 115 007a 93E70708 		ori	a5,a5,128
 116 007e 2324F40C 		sw	a5,200(s0)
 117 0082 97000000 		call	I2C_Delay
 117      E7800000 
 118 008a 8327C40C 		lw	a5,204(s0)
 119 008e B250     		lw	ra,44(sp)
 120 0090 9254     		lw	s1,36(sp)
 121 0092 93E70708 		ori	a5,a5,128
 122 0096 2326F40C 		sw	a5,204(s0)
 123 009a 2254     		lw	s0,40(sp)
 124 009c 0259     		lw	s2,32(sp)
 125 009e F249     		lw	s3,28(sp)
 126 00a0 4561     		addi	sp,sp,48
 127 00a2 8280     		jr	ra
 128              	.L10:
 129 00a4 8327C40C 		lw	a5,204(s0)
 130 00a8 93E70701 		ori	a5,a5,16
 131 00ac 2326F40C 		sw	a5,204(s0)
 132 00b0 A5BF     		j	.L11
 134              		.section	.text.OLED_WriteCmd,"ax",@progbits
 135              		.align	1
 136              		.globl	OLED_WriteCmd
 138              	OLED_WriteCmd:
 139 0000 4111     		addi	sp,sp,-16
 140 0002 06C6     		sw	ra,12(sp)
 141 0004 22C4     		sw	s0,8(sp)
 142 0006 2A84     		mv	s0,a0
 143 0008 97000000 		call	I2C_Start
 143      E7800000 
 144 0010 13058007 		li	a0,120
 145 0014 97000000 		call	I2C_SendByte
 145      E7800000 
 146 001c 0145     		li	a0,0
 147 001e 97000000 		call	I2C_SendByte
 147      E7800000 
 148 0026 2285     		mv	a0,s0
 149 0028 97000000 		call	I2C_SendByte
 149      E7800000 
 150 0030 2244     		lw	s0,8(sp)
 151 0032 B240     		lw	ra,12(sp)
 152 0034 4101     		addi	sp,sp,16
 153 0036 17030000 		tail	I2C_Stop
 153      67000300 
 155              		.section	.text.OLED_WriteData,"ax",@progbits
 156              		.align	1
 157              		.globl	OLED_WriteData
 159              	OLED_WriteData:
 160 0000 4111     		addi	sp,sp,-16
 161 0002 06C6     		sw	ra,12(sp)
 162 0004 22C4     		sw	s0,8(sp)
 163 0006 2A84     		mv	s0,a0
 164 0008 97000000 		call	I2C_Start
 164      E7800000 
 165 0010 13058007 		li	a0,120
 166 0014 97000000 		call	I2C_SendByte
 166      E7800000 
 167 001c 13050004 		li	a0,64
GAS LISTING C:\Users\LRNA\AppData\Local\Temp\ccAHXN3o.s 			page 4


 168 0020 97000000 		call	I2C_SendByte
 168      E7800000 
 169 0028 2285     		mv	a0,s0
 170 002a 97000000 		call	I2C_SendByte
 170      E7800000 
 171 0032 2244     		lw	s0,8(sp)
 172 0034 B240     		lw	ra,12(sp)
 173 0036 4101     		addi	sp,sp,16
 174 0038 17030000 		tail	I2C_Stop
 174      67000300 
 176              		.section	.text.OLED_SetCursor,"ax",@progbits
 177              		.align	1
 178              		.globl	OLED_SetCursor
 180              	OLED_SetCursor:
 181 0000 130505FB 		addi	a0,a0,-80
 182 0004 4111     		addi	sp,sp,-16
 183 0006 1375F50F 		andi	a0,a0,0xff
 184 000a 06C6     		sw	ra,12(sp)
 185 000c 22C4     		sw	s0,8(sp)
 186 000e 2E84     		mv	s0,a1
 187 0010 97000000 		call	OLED_WriteCmd
 187      E7800000 
 188 0018 1375F400 		andi	a0,s0,15
 189 001c 97000000 		call	OLED_WriteCmd
 189      E7800000 
 190 0024 13554400 		srli	a0,s0,4
 191 0028 2244     		lw	s0,8(sp)
 192 002a B240     		lw	ra,12(sp)
 193 002c 13650501 		ori	a0,a0,16
 194 0030 4101     		addi	sp,sp,16
 195 0032 17030000 		tail	OLED_WriteCmd
 195      67000300 
 197              		.section	.text.OLED_Clear,"ax",@progbits
 198              		.align	1
 199              		.globl	OLED_Clear
 201              	OLED_Clear:
 202 0000 4111     		addi	sp,sp,-16
 203 0002 22C4     		sw	s0,8(sp)
 204 0004 4AC0     		sw	s2,0(sp)
 205 0006 06C6     		sw	ra,12(sp)
 206 0008 26C2     		sw	s1,4(sp)
 207 000a 1304000B 		li	s0,176
 208 000e 1309400B 		li	s2,180
 209              	.L23:
 210 0012 2285     		mv	a0,s0
 211 0014 97000000 		call	OLED_WriteCmd
 211      E7800000 
 212 001c 0145     		li	a0,0
 213 001e 97000000 		call	OLED_WriteCmd
 213      E7800000 
 214 0026 4145     		li	a0,16
 215 0028 97000000 		call	OLED_WriteCmd
 215      E7800000 
 216 0030 93040008 		li	s1,128
 217              	.L22:
 218 0034 0145     		li	a0,0
 219 0036 FD14     		addi	s1,s1,-1
GAS LISTING C:\Users\LRNA\AppData\Local\Temp\ccAHXN3o.s 			page 5


 220 0038 97000000 		call	OLED_WriteData
 220      E7800000 
 221 0040 F5F8     		bnez	s1,.L22
 222 0042 0504     		addi	s0,s0,1
 223 0044 1374F40F 		andi	s0,s0,0xff
 224 0048 E31524FD 		bne	s0,s2,.L23
 225 004c B240     		lw	ra,12(sp)
 226 004e 2244     		lw	s0,8(sp)
 227 0050 9244     		lw	s1,4(sp)
 228 0052 0249     		lw	s2,0(sp)
 229 0054 4101     		addi	sp,sp,16
 230 0056 8280     		jr	ra
 232              		.section	.text.OLED_Init,"ax",@progbits
 233              		.align	1
 234              		.globl	OLED_Init
 236              	OLED_Init:
 237 0000 4111     		addi	sp,sp,-16
 238 0002 8D45     		li	a1,3
 239 0004 13050009 		li	a0,144
 240 0008 06C6     		sw	ra,12(sp)
 241 000a 97000000 		call	GPIOB_ModeCfg
 241      E7800000 
 242 0012 37170040 		li	a4,1073745920
 243 0016 8327870C 		lw	a5,200(a4)
 244 001a 1305E00A 		li	a0,174
 245 001e 93E70709 		ori	a5,a5,144
 246 0022 2324F70C 		sw	a5,200(a4)
 247 0026 97000000 		call	OLED_WriteCmd
 247      E7800000 
 248 002e 13050002 		li	a0,32
 249 0032 97000000 		call	OLED_WriteCmd
 249      E7800000 
 250 003a 0145     		li	a0,0
 251 003c 97000000 		call	OLED_WriteCmd
 251      E7800000 
 252 0044 1305800C 		li	a0,200
 253 0048 97000000 		call	OLED_WriteCmd
 253      E7800000 
 254 0050 0145     		li	a0,0
 255 0052 97000000 		call	OLED_WriteCmd
 255      E7800000 
 256 005a 4145     		li	a0,16
 257 005c 97000000 		call	OLED_WriteCmd
 257      E7800000 
 258 0064 13050004 		li	a0,64
 259 0068 97000000 		call	OLED_WriteCmd
 259      E7800000 
 260 0070 13051008 		li	a0,129
 261 0074 97000000 		call	OLED_WriteCmd
 261      E7800000 
 262 007c 1305F00F 		li	a0,255
 263 0080 97000000 		call	OLED_WriteCmd
 263      E7800000 
 264 0088 1305100A 		li	a0,161
 265 008c 97000000 		call	OLED_WriteCmd
 265      E7800000 
 266 0094 1305600A 		li	a0,166
GAS LISTING C:\Users\LRNA\AppData\Local\Temp\ccAHXN3o.s 			page 6


 267 0098 97000000 		call	OLED_WriteCmd
 267      E7800000 
 268 00a0 1305800A 		li	a0,168
 269 00a4 97000000 		call	OLED_WriteCmd
 269      E7800000 
 270 00ac 7D45     		li	a0,31
 271 00ae 97000000 		call	OLED_WriteCmd
 271      E7800000 
 272 00b6 1305300D 		li	a0,211
 273 00ba 97000000 		call	OLED_WriteCmd
 273      E7800000 
 274 00c2 0145     		li	a0,0
 275 00c4 97000000 		call	OLED_WriteCmd
 275      E7800000 
 276 00cc 1305500D 		li	a0,213
 277 00d0 97000000 		call	OLED_WriteCmd
 277      E7800000 
 278 00d8 1305000F 		li	a0,240
 279 00dc 97000000 		call	OLED_WriteCmd
 279      E7800000 
 280 00e4 1305900D 		li	a0,217
 281 00e8 97000000 		call	OLED_WriteCmd
 281      E7800000 
 282 00f0 13052002 		li	a0,34
 283 00f4 97000000 		call	OLED_WriteCmd
 283      E7800000 
 284 00fc 1305A00D 		li	a0,218
 285 0100 97000000 		call	OLED_WriteCmd
 285      E7800000 
 286 0108 0945     		li	a0,2
 287 010a 97000000 		call	OLED_WriteCmd
 287      E7800000 
 288 0112 1305B00D 		li	a0,219
 289 0116 97000000 		call	OLED_WriteCmd
 289      E7800000 
 290 011e 13050002 		li	a0,32
 291 0122 97000000 		call	OLED_WriteCmd
 291      E7800000 
 292 012a 1305D008 		li	a0,141
 293 012e 97000000 		call	OLED_WriteCmd
 293      E7800000 
 294 0136 5145     		li	a0,20
 295 0138 97000000 		call	OLED_WriteCmd
 295      E7800000 
 296 0140 1305F00A 		li	a0,175
 297 0144 97000000 		call	OLED_WriteCmd
 297      E7800000 
 298 014c B240     		lw	ra,12(sp)
 299 014e 4101     		addi	sp,sp,16
 300 0150 17030000 		tail	OLED_Clear
 300      67000300 
 302              		.section	.text.OLED_ShowChar,"ax",@progbits
 303              		.align	1
 304              		.globl	OLED_ShowChar
 306              	OLED_ShowChar:
 307 0000 0111     		addi	sp,sp,-32
 308 0002 1307F6F9 		addi	a4,a2,-97
GAS LISTING C:\Users\LRNA\AppData\Local\Temp\ccAHXN3o.s 			page 7


 309 0006 06CE     		sw	ra,28(sp)
 310 0008 22CC     		sw	s0,24(sp)
 311 000a 26CA     		sw	s1,20(sp)
 312 000c 4AC8     		sw	s2,16(sp)
 313 000e 4EC6     		sw	s3,12(sp)
 314 0010 1377F70F 		andi	a4,a4,0xff
 315 0014 E546     		li	a3,25
 316 0016 AE87     		mv	a5,a1
 317 0018 63E5E600 		bgtu	a4,a3,.L30
 318 001c 0116     		addi	a2,a2,-32
 319 001e 1376F60F 		andi	a2,a2,0xff
 320              	.L30:
 321 0022 0116     		addi	a2,a2,-32
 322 0024 13078007 		li	a4,120
 323 0028 1374F60F 		andi	s0,a2,0xff
 324 002c 6376A700 		bleu	a0,a4,.L31
 325 0030 8507     		addi	a5,a5,1
 326 0032 93F7F70F 		andi	a5,a5,0xff
 327 0036 0145     		li	a0,0
 328              	.L31:
 329 0038 AA85     		mv	a1,a0
 330 003a 3E85     		mv	a0,a5
 331 003c 97000000 		call	OLED_SetCursor
 331      E7800000 
 332 0044 93071004 		li	a5,65
 333 0048 63F38702 		bleu	s0,a5,.L32
 334 004c 1944     		li	s0,6
 335              	.L33:
 336 004e 7D14     		addi	s0,s0,-1
 337 0050 0145     		li	a0,0
 338 0052 1374F40F 		andi	s0,s0,0xff
 339 0056 97000000 		call	OLED_WriteData
 339      E7800000 
 340 005e 65F8     		bnez	s0,.L33
 341 0060 F240     		lw	ra,28(sp)
 342 0062 6244     		lw	s0,24(sp)
 343 0064 D244     		lw	s1,20(sp)
 344 0066 4249     		lw	s2,16(sp)
 345 0068 B249     		lw	s3,12(sp)
 346 006a 0561     		addi	sp,sp,32
 347 006c 8280     		jr	ra
 348              	.L32:
 349 006e 1546     		li	a2,5
 350 0070 3304C402 		mul	s0,s0,a2
 351 0074 8144     		li	s1,0
 352 0076 97090000 		lla	s3,.LANCHOR0
 352      93890900 
 353 007e 1549     		li	s2,5
 354              	.L35:
 355 0080 B3079400 		add	a5,s0,s1
 356 0084 CE97     		add	a5,s3,a5
 357 0086 03C50700 		lbu	a0,0(a5)
 358 008a 8504     		addi	s1,s1,1
 359 008c 97000000 		call	OLED_WriteData
 359      E7800000 
 360 0094 E39624FF 		bne	s1,s2,.L35
 361 0098 6244     		lw	s0,24(sp)
GAS LISTING C:\Users\LRNA\AppData\Local\Temp\ccAHXN3o.s 			page 8


 362 009a F240     		lw	ra,28(sp)
 363 009c D244     		lw	s1,20(sp)
 364 009e 4249     		lw	s2,16(sp)
 365 00a0 B249     		lw	s3,12(sp)
 366 00a2 0145     		li	a0,0
 367 00a4 0561     		addi	sp,sp,32
 368 00a6 17030000 		tail	OLED_WriteData
 368      67000300 
 370              		.section	.text.OLED_ShowString,"ax",@progbits
 371              		.align	1
 372              		.globl	OLED_ShowString
 374              	OLED_ShowString:
 375 0000 4111     		addi	sp,sp,-16
 376 0002 22C4     		sw	s0,8(sp)
 377 0004 26C2     		sw	s1,4(sp)
 378 0006 4AC0     		sw	s2,0(sp)
 379 0008 06C6     		sw	ra,12(sp)
 380 000a 2A84     		mv	s0,a0
 381 000c 2E89     		mv	s2,a1
 382 000e B284     		mv	s1,a2
 383              	.L41:
 384 0010 03C60400 		lbu	a2,0(s1)
 385 0014 19E6     		bnez	a2,.L42
 386 0016 B240     		lw	ra,12(sp)
 387 0018 2244     		lw	s0,8(sp)
 388 001a 9244     		lw	s1,4(sp)
 389 001c 0249     		lw	s2,0(sp)
 390 001e 4101     		addi	sp,sp,16
 391 0020 8280     		jr	ra
 392              	.L42:
 393 0022 2285     		mv	a0,s0
 394 0024 CA85     		mv	a1,s2
 395 0026 1904     		addi	s0,s0,6
 396 0028 97000000 		call	OLED_ShowChar
 396      E7800000 
 397 0030 1374F40F 		andi	s0,s0,0xff
 398 0034 8504     		addi	s1,s1,1
 399 0036 E9BF     		j	.L41
 401              		.globl	FONT5x7
 402              		.section	.rodata.FONT5x7,"a"
 403              		.align	2
 404              		.set	.LANCHOR0,. + 0
 407              	FONT5x7:
 408 0000 00       		.byte	0
 409 0001 00       		.byte	0
 410 0002 00       		.byte	0
 411 0003 00       		.byte	0
 412 0004 00       		.byte	0
 413 0005 00       		.byte	0
 414 0006 00       		.byte	0
 415 0007 5F       		.byte	95
 416 0008 00       		.byte	0
 417 0009 00       		.byte	0
 418 000a 00       		.byte	0
 419 000b 07       		.byte	7
 420 000c 00       		.byte	0
 421 000d 07       		.byte	7
GAS LISTING C:\Users\LRNA\AppData\Local\Temp\ccAHXN3o.s 			page 9


 422 000e 00       		.byte	0
 423 000f 14       		.byte	20
 424 0010 7F       		.byte	127
 425 0011 14       		.byte	20
 426 0012 7F       		.byte	127
 427 0013 14       		.byte	20
 428 0014 24       		.byte	36
 429 0015 2A       		.byte	42
 430 0016 7F       		.byte	127
 431 0017 2A       		.byte	42
 432 0018 12       		.byte	18
 433 0019 23       		.byte	35
 434 001a 13       		.byte	19
 435 001b 08       		.byte	8
 436 001c 64       		.byte	100
 437 001d 62       		.byte	98
 438 001e 36       		.byte	54
 439 001f 49       		.byte	73
 440 0020 55       		.byte	85
 441 0021 22       		.byte	34
 442 0022 50       		.byte	80
 443 0023 00       		.byte	0
 444 0024 05       		.byte	5
 445 0025 03       		.byte	3
 446 0026 00       		.byte	0
 447 0027 00       		.byte	0
 448 0028 00       		.byte	0
 449 0029 1C       		.byte	28
 450 002a 22       		.byte	34
 451 002b 41       		.byte	65
 452 002c 00       		.byte	0
 453 002d 00       		.byte	0
 454 002e 41       		.byte	65
 455 002f 22       		.byte	34
 456 0030 1C       		.byte	28
 457 0031 00       		.byte	0
 458 0032 14       		.byte	20
 459 0033 08       		.byte	8
 460 0034 3E       		.byte	62
 461 0035 08       		.byte	8
 462 0036 14       		.byte	20
 463 0037 08       		.byte	8
 464 0038 08       		.byte	8
 465 0039 3E       		.byte	62
 466 003a 08       		.byte	8
 467 003b 08       		.byte	8
 468 003c 00       		.byte	0
 469 003d 50       		.byte	80
 470 003e 30       		.byte	48
 471 003f 00       		.byte	0
 472 0040 00       		.byte	0
 473 0041 08       		.byte	8
 474 0042 08       		.byte	8
 475 0043 08       		.byte	8
 476 0044 08       		.byte	8
 477 0045 08       		.byte	8
 478 0046 00       		.byte	0
GAS LISTING C:\Users\LRNA\AppData\Local\Temp\ccAHXN3o.s 			page 10


 479 0047 60       		.byte	96
 480 0048 60       		.byte	96
 481 0049 00       		.byte	0
 482 004a 00       		.byte	0
 483 004b 20       		.byte	32
 484 004c 10       		.byte	16
 485 004d 08       		.byte	8
 486 004e 04       		.byte	4
 487 004f 02       		.byte	2
 488 0050 3E       		.byte	62
 489 0051 51       		.byte	81
 490 0052 49       		.byte	73
 491 0053 45       		.byte	69
 492 0054 3E       		.byte	62
 493 0055 00       		.byte	0
 494 0056 42       		.byte	66
 495 0057 7F       		.byte	127
 496 0058 40       		.byte	64
 497 0059 00       		.byte	0
 498 005a 42       		.byte	66
 499 005b 61       		.byte	97
 500 005c 51       		.byte	81
 501 005d 49       		.byte	73
 502 005e 46       		.byte	70
 503 005f 21       		.byte	33
 504 0060 41       		.byte	65
 505 0061 45       		.byte	69
 506 0062 4B       		.byte	75
 507 0063 31       		.byte	49
 508 0064 18       		.byte	24
 509 0065 14       		.byte	20
 510 0066 12       		.byte	18
 511 0067 7F       		.byte	127
 512 0068 10       		.byte	16
 513 0069 27       		.byte	39
 514 006a 45       		.byte	69
 515 006b 45       		.byte	69
 516 006c 45       		.byte	69
 517 006d 39       		.byte	57
 518 006e 3C       		.byte	60
 519 006f 4A       		.byte	74
 520 0070 49       		.byte	73
 521 0071 49       		.byte	73
 522 0072 30       		.byte	48
 523 0073 01       		.byte	1
 524 0074 71       		.byte	113
 525 0075 09       		.byte	9
 526 0076 05       		.byte	5
 527 0077 03       		.byte	3
 528 0078 36       		.byte	54
 529 0079 49       		.byte	73
 530 007a 49       		.byte	73
 531 007b 49       		.byte	73
 532 007c 36       		.byte	54
 533 007d 06       		.byte	6
 534 007e 49       		.byte	73
 535 007f 49       		.byte	73
GAS LISTING C:\Users\LRNA\AppData\Local\Temp\ccAHXN3o.s 			page 11


 536 0080 29       		.byte	41
 537 0081 1E       		.byte	30
 538 0082 00       		.byte	0
 539 0083 36       		.byte	54
 540 0084 36       		.byte	54
 541 0085 00       		.byte	0
 542 0086 00       		.byte	0
 543 0087 00       		.byte	0
 544 0088 56       		.byte	86
 545 0089 36       		.byte	54
 546 008a 00       		.byte	0
 547 008b 00       		.byte	0
 548 008c 08       		.byte	8
 549 008d 14       		.byte	20
 550 008e 22       		.byte	34
 551 008f 41       		.byte	65
 552 0090 00       		.byte	0
 553 0091 14       		.byte	20
 554 0092 14       		.byte	20
 555 0093 14       		.byte	20
 556 0094 14       		.byte	20
 557 0095 14       		.byte	20
 558 0096 00       		.byte	0
 559 0097 41       		.byte	65
 560 0098 22       		.byte	34
 561 0099 14       		.byte	20
 562 009a 08       		.byte	8
 563 009b 02       		.byte	2
 564 009c 01       		.byte	1
 565 009d 51       		.byte	81
 566 009e 09       		.byte	9
 567 009f 06       		.byte	6
 568 00a0 32       		.byte	50
 569 00a1 49       		.byte	73
 570 00a2 79       		.byte	121
 571 00a3 41       		.byte	65
 572 00a4 3E       		.byte	62
 573 00a5 7E       		.byte	126
 574 00a6 11       		.byte	17
 575 00a7 11       		.byte	17
 576 00a8 11       		.byte	17
 577 00a9 7E       		.byte	126
 578 00aa 7F       		.byte	127
 579 00ab 49       		.byte	73
 580 00ac 49       		.byte	73
 581 00ad 49       		.byte	73
 582 00ae 36       		.byte	54
 583 00af 3E       		.byte	62
 584 00b0 41       		.byte	65
 585 00b1 41       		.byte	65
 586 00b2 41       		.byte	65
 587 00b3 22       		.byte	34
 588 00b4 7F       		.byte	127
 589 00b5 41       		.byte	65
 590 00b6 41       		.byte	65
 591 00b7 22       		.byte	34
 592 00b8 1C       		.byte	28
GAS LISTING C:\Users\LRNA\AppData\Local\Temp\ccAHXN3o.s 			page 12


 593 00b9 7F       		.byte	127
 594 00ba 49       		.byte	73
 595 00bb 49       		.byte	73
 596 00bc 49       		.byte	73
 597 00bd 41       		.byte	65
 598 00be 7F       		.byte	127
 599 00bf 09       		.byte	9
 600 00c0 09       		.byte	9
 601 00c1 09       		.byte	9
 602 00c2 01       		.byte	1
 603 00c3 3E       		.byte	62
 604 00c4 41       		.byte	65
 605 00c5 49       		.byte	73
 606 00c6 49       		.byte	73
 607 00c7 7A       		.byte	122
 608 00c8 7F       		.byte	127
 609 00c9 08       		.byte	8
 610 00ca 08       		.byte	8
 611 00cb 08       		.byte	8
 612 00cc 7F       		.byte	127
 613 00cd 00       		.byte	0
 614 00ce 41       		.byte	65
 615 00cf 7F       		.byte	127
 616 00d0 41       		.byte	65
 617 00d1 00       		.byte	0
 618 00d2 20       		.byte	32
 619 00d3 40       		.byte	64
 620 00d4 41       		.byte	65
 621 00d5 3F       		.byte	63
 622 00d6 01       		.byte	1
 623 00d7 7F       		.byte	127
 624 00d8 08       		.byte	8
 625 00d9 14       		.byte	20
 626 00da 22       		.byte	34
 627 00db 41       		.byte	65
 628 00dc 7F       		.byte	127
 629 00dd 40       		.byte	64
 630 00de 40       		.byte	64
 631 00df 40       		.byte	64
 632 00e0 40       		.byte	64
 633 00e1 7F       		.byte	127
 634 00e2 02       		.byte	2
 635 00e3 0C       		.byte	12
 636 00e4 02       		.byte	2
 637 00e5 7F       		.byte	127
 638 00e6 7F       		.byte	127
 639 00e7 04       		.byte	4
 640 00e8 08       		.byte	8
 641 00e9 10       		.byte	16
 642 00ea 7F       		.byte	127
 643 00eb 3E       		.byte	62
 644 00ec 41       		.byte	65
 645 00ed 41       		.byte	65
 646 00ee 41       		.byte	65
 647 00ef 3E       		.byte	62
 648 00f0 7F       		.byte	127
 649 00f1 09       		.byte	9
GAS LISTING C:\Users\LRNA\AppData\Local\Temp\ccAHXN3o.s 			page 13


 650 00f2 09       		.byte	9
 651 00f3 09       		.byte	9
 652 00f4 06       		.byte	6
 653 00f5 3E       		.byte	62
 654 00f6 41       		.byte	65
 655 00f7 51       		.byte	81
 656 00f8 21       		.byte	33
 657 00f9 5E       		.byte	94
 658 00fa 7F       		.byte	127
 659 00fb 09       		.byte	9
 660 00fc 19       		.byte	25
 661 00fd 29       		.byte	41
 662 00fe 46       		.byte	70
 663 00ff 46       		.byte	70
 664 0100 49       		.byte	73
 665 0101 49       		.byte	73
 666 0102 49       		.byte	73
 667 0103 31       		.byte	49
 668 0104 01       		.byte	1
 669 0105 01       		.byte	1
 670 0106 7F       		.byte	127
 671 0107 01       		.byte	1
 672 0108 01       		.byte	1
 673 0109 3F       		.byte	63
 674 010a 40       		.byte	64
 675 010b 40       		.byte	64
 676 010c 40       		.byte	64
 677 010d 3F       		.byte	63
 678 010e 1F       		.byte	31
 679 010f 20       		.byte	32
 680 0110 40       		.byte	64
 681 0111 20       		.byte	32
 682 0112 1F       		.byte	31
 683 0113 3F       		.byte	63
 684 0114 40       		.byte	64
 685 0115 38       		.byte	56
 686 0116 40       		.byte	64
 687 0117 3F       		.byte	63
 688 0118 63       		.byte	99
 689 0119 14       		.byte	20
 690 011a 08       		.byte	8
 691 011b 14       		.byte	20
 692 011c 63       		.byte	99
 693 011d 07       		.byte	7
 694 011e 08       		.byte	8
 695 011f 70       		.byte	112
 696 0120 08       		.byte	8
 697 0121 07       		.byte	7
 698 0122 61       		.byte	97
 699 0123 51       		.byte	81
 700 0124 49       		.byte	73
 701 0125 45       		.byte	69
 702 0126 43       		.byte	67
 703              		.ident	"GCC: (xPack GNU RISC-V Embedded GCC, 32-bit) 8.2.0"
GAS LISTING C:\Users\LRNA\AppData\Local\Temp\ccAHXN3o.s 			page 14


DEFINED SYMBOLS
                            *ABS*:0000000000000000 oled_driver.c
C:\Users\LRNA\AppData\Local\Temp\ccAHXN3o.s:8      .text.I2C_Delay:0000000000000000 I2C_Delay
C:\Users\LRNA\AppData\Local\Temp\ccAHXN3o.s:26     .text.I2C_Start:0000000000000000 I2C_Start
C:\Users\LRNA\AppData\Local\Temp\ccAHXN3o.s:54     .text.I2C_Stop:0000000000000000 I2C_Stop
C:\Users\LRNA\AppData\Local\Temp\ccAHXN3o.s:78     .text.I2C_SendByte:0000000000000000 I2C_SendByte
C:\Users\LRNA\AppData\Local\Temp\ccAHXN3o.s:138    .text.OLED_WriteCmd:0000000000000000 OLED_WriteCmd
C:\Users\LRNA\AppData\Local\Temp\ccAHXN3o.s:159    .text.OLED_WriteData:0000000000000000 OLED_WriteData
C:\Users\LRNA\AppData\Local\Temp\ccAHXN3o.s:180    .text.OLED_SetCursor:0000000000000000 OLED_SetCursor
C:\Users\LRNA\AppData\Local\Temp\ccAHXN3o.s:201    .text.OLED_Clear:0000000000000000 OLED_Clear
C:\Users\LRNA\AppData\Local\Temp\ccAHXN3o.s:236    .text.OLED_Init:0000000000000000 OLED_Init
C:\Users\LRNA\AppData\Local\Temp\ccAHXN3o.s:306    .text.OLED_ShowChar:0000000000000000 OLED_ShowChar
C:\Users\LRNA\AppData\Local\Temp\ccAHXN3o.s:374    .text.OLED_ShowString:0000000000000000 OLED_ShowString
C:\Users\LRNA\AppData\Local\Temp\ccAHXN3o.s:407    .rodata.FONT5x7:0000000000000000 FONT5x7
C:\Users\LRNA\AppData\Local\Temp\ccAHXN3o.s:404    .rodata.FONT5x7:0000000000000000 .LANCHOR0
C:\Users\LRNA\AppData\Local\Temp\ccAHXN3o.s:12     .text.I2C_Delay:0000000000000008 .L2
C:\Users\LRNA\AppData\Local\Temp\ccAHXN3o.s:128    .text.I2C_SendByte:00000000000000a4 .L10
C:\Users\LRNA\AppData\Local\Temp\ccAHXN3o.s:87     .text.I2C_SendByte:0000000000000012 .L12
C:\Users\LRNA\AppData\Local\Temp\ccAHXN3o.s:94     .text.I2C_SendByte:0000000000000028 .L11
C:\Users\LRNA\AppData\Local\Temp\ccAHXN3o.s:217    .text.OLED_Clear:0000000000000034 .L22
C:\Users\LRNA\AppData\Local\Temp\ccAHXN3o.s:209    .text.OLED_Clear:0000000000000012 .L23
C:\Users\LRNA\AppData\Local\Temp\ccAHXN3o.s:352    .text.OLED_ShowChar:0000000000000076 .L0 
C:\Users\LRNA\AppData\Local\Temp\ccAHXN3o.s:320    .text.OLED_ShowChar:0000000000000022 .L30
C:\Users\LRNA\AppData\Local\Temp\ccAHXN3o.s:328    .text.OLED_ShowChar:0000000000000038 .L31
C:\Users\LRNA\AppData\Local\Temp\ccAHXN3o.s:348    .text.OLED_ShowChar:000000000000006e .L32
C:\Users\LRNA\AppData\Local\Temp\ccAHXN3o.s:335    .text.OLED_ShowChar:000000000000004e .L33
C:\Users\LRNA\AppData\Local\Temp\ccAHXN3o.s:354    .text.OLED_ShowChar:0000000000000080 .L35
C:\Users\LRNA\AppData\Local\Temp\ccAHXN3o.s:392    .text.OLED_ShowString:0000000000000022 .L42
C:\Users\LRNA\AppData\Local\Temp\ccAHXN3o.s:383    .text.OLED_ShowString:0000000000000010 .L41

UNDEFINED SYMBOLS
GPIOB_ModeCfg
