GAS LISTING C:\Users\LRNA\AppData\Local\Temp\cckzfKzv.s 			page 1


   1              		.file	"Sandbox.c"
   2              		.option nopic
   3              		.text
   4              		.section	.text.Motor_Init,"ax",@progbits
   5              		.align	1
   6              		.globl	Motor_Init
   8              	Motor_Init:
   9 0000 4111     		addi	sp,sp,-16
  10 0002 8D45     		li	a1,3
  11 0004 3D65     		li	a0,61440
  12 0006 06C6     		sw	ra,12(sp)
  13 0008 22C4     		sw	s0,8(sp)
  14 000a 97000000 		call	GPIOA_ModeCfg
  14      E7800000 
  15 0012 37140040 		li	s0,1073745920
  16 0016 8327C40A 		lw	a5,172(s0)
  17 001a 0D67     		li	a4,12288
  18 001c 3D65     		li	a0,61440
  19 001e D98F     		or	a5,a5,a4
  20 0020 2326F40A 		sw	a5,172(s0)
  21 0024 1147     		li	a4,4
  22 0026 B7570040 		li	a5,1073762304
  23 002a A381E700 		sb	a4,3(a5)
  24 002e 130505A6 		addi	a0,a0,-1440
  25 0032 97000000 		call	PWMX_16bit_CycleCfg
  25      E7800000 
  26 003a 8146     		li	a3,0
  27 003c 0146     		li	a2,0
  28 003e 8145     		li	a1,0
  29 0040 0545     		li	a0,1
  30 0042 97000000 		call	PWMX_16bit_ACTOUT
  30      E7800000 
  31 004a 8146     		li	a3,0
  32 004c 0146     		li	a2,0
  33 004e 8145     		li	a1,0
  34 0050 0945     		li	a0,2
  35 0052 97000000 		call	PWMX_16bit_ACTOUT
  35      E7800000 
  36 005a 8327840A 		lw	a5,168(s0)
  37 005e 1167     		li	a4,16384
  38 0060 B240     		lw	ra,12(sp)
  39 0062 D98F     		or	a5,a5,a4
  40 0064 2324F40A 		sw	a5,168(s0)
  41 0068 8327840A 		lw	a5,168(s0)
  42 006c 2167     		li	a4,32768
  43 006e D98F     		or	a5,a5,a4
  44 0070 2324F40A 		sw	a5,168(s0)
  45 0074 2244     		lw	s0,8(sp)
  46 0076 4101     		addi	sp,sp,16
  47 0078 8280     		jr	ra
  49              		.globl	__gtsf2
  50              		.globl	__ltsf2
  51              		.globl	__mulsf3
  52              		.globl	__divsf3
  53              		.globl	__fixunssfsi
  54              		.section	.text.SetBothMotors,"ax",@progbits
  55              		.align	1
GAS LISTING C:\Users\LRNA\AppData\Local\Temp\cckzfKzv.s 			page 2


  56              		.globl	SetBothMotors
  58              	SetBothMotors:
  59 0000 4111     		addi	sp,sp,-16
  60 0002 22C4     		sw	s0,8(sp)
  61 0004 17040000 		lla	s0,.LC0
  61      13040400 
  62 000c 4AC0     		sw	s2,0(sp)
  63 000e 03290400 		lw	s2,0(s0)
  64 0012 26C2     		sw	s1,4(sp)
  65 0014 06C6     		sw	ra,12(sp)
  66 0016 CA85     		mv	a1,s2
  67 0018 AA84     		mv	s1,a0
  68 001a 97000000 		call	__gtsf2
  68      E7800000 
  69 0022 6342A006 		bgtz	a0,.L7
  70 0026 93050000 		mv	a1,zero
  71 002a 2685     		mv	a0,s1
  72 002c 97000000 		call	__ltsf2
  72      E7800000 
  73 0034 634B0500 		bltz	a0,.L5
  74 0038 93050000 		mv	a1,zero
  75 003c 2685     		mv	a0,s1
  76 003e 97000000 		call	__gtsf2
  76      E7800000 
  77 0046 6341A004 		bgtz	a0,.L4
  78              	.L5:
  79 004a 8146     		li	a3,0
  80 004c 0146     		li	a2,0
  81 004e 8145     		li	a1,0
  82 0050 0545     		li	a0,1
  83 0052 97000000 		call	PWMX_16bit_ACTOUT
  83      E7800000 
  84 005a 8146     		li	a3,0
  85 005c 0146     		li	a2,0
  86 005e 8145     		li	a1,0
  87 0060 0945     		li	a0,2
  88 0062 97000000 		call	PWMX_16bit_ACTOUT
  88      E7800000 
  89 006a 37170040 		li	a4,1073745920
  90 006e 8327C70A 		lw	a5,172(a4)
  91 0072 B240     		lw	ra,12(sp)
  92 0074 2244     		lw	s0,8(sp)
  93 0076 8D66     		li	a3,12288
  94 0078 D58F     		or	a5,a5,a3
  95 007a 2326F70A 		sw	a5,172(a4)
  96 007e 9244     		lw	s1,4(sp)
  97 0080 0249     		lw	s2,0(sp)
  98 0082 4101     		addi	sp,sp,16
  99 0084 8280     		jr	ra
 100              	.L7:
 101 0086 CA84     		mv	s1,s2
 102              	.L4:
 103 0088 97070000 		lla	a5,.LC1
 103      93870700 
 104 0090 8C43     		lw	a1,0(a5)
 105 0092 2685     		mv	a0,s1
 106 0094 97000000 		call	__mulsf3
GAS LISTING C:\Users\LRNA\AppData\Local\Temp\cckzfKzv.s 			page 3


 106      E7800000 
 107 009c 0C40     		lw	a1,0(s0)
 108 009e 97000000 		call	__divsf3
 108      E7800000 
 109 00a6 97000000 		call	__fixunssfsi
 109      E7800000 
 110 00ae 13140501 		slli	s0,a0,16
 111 00b2 4180     		srli	s0,s0,16
 112 00b4 A285     		mv	a1,s0
 113 00b6 8546     		li	a3,1
 114 00b8 0146     		li	a2,0
 115 00ba 0545     		li	a0,1
 116 00bc 97000000 		call	PWMX_16bit_ACTOUT
 116      E7800000 
 117 00c4 A285     		mv	a1,s0
 118 00c6 2244     		lw	s0,8(sp)
 119 00c8 B240     		lw	ra,12(sp)
 120 00ca 9244     		lw	s1,4(sp)
 121 00cc 0249     		lw	s2,0(sp)
 122 00ce 8546     		li	a3,1
 123 00d0 0146     		li	a2,0
 124 00d2 0945     		li	a0,2
 125 00d4 4101     		addi	sp,sp,16
 126 00d6 17030000 		tail	PWMX_16bit_ACTOUT
 126      67000300 
 128              		.section	.text.startup.main,"ax",@progbits
 129              		.align	1
 130              		.globl	main
 132              	main:
 133 0000 4111     		addi	sp,sp,-16
 134 0002 13058004 		li	a0,72
 135 0006 06C6     		sw	ra,12(sp)
 136 0008 97000000 		call	SetSysClock
 136      E7800000 
 137 0010 97000000 		call	OLED_Init
 137      E7800000 
 138 0018 97000000 		call	Motor_Init
 138      E7800000 
 139 0020 97000000 		call	OLED_Clear
 139      E7800000 
 140 0028 17060000 		lla	a2,.LC2
 140      13060600 
 141 0030 8145     		li	a1,0
 142 0032 0145     		li	a0,0
 143 0034 97000000 		call	OLED_ShowString
 143      E7800000 
 144 003c 0145     		li	a0,0
 145 003e 17060000 		lla	a2,.LC3
 145      13060600 
 146 0046 8545     		li	a1,1
 147 0048 97000000 		call	OLED_ShowString
 147      E7800000 
 148 0050 97070000 		lla	a5,.LC4
 148      93870700 
 149 0058 8843     		lw	a0,0(a5)
 150 005a 97000000 		call	SetBothMotors
 150      E7800000 
GAS LISTING C:\Users\LRNA\AppData\Local\Temp\cckzfKzv.s 			page 4


 151              	.L10:
 152 0062 1305803E 		li	a0,1000
 153 0066 97000000 		call	mDelaymS
 153      E7800000 
 154 006e D5BF     		j	.L10
 156              		.section	.rodata.SetBothMotors.cst4,"aM",@progbits,4
 157              		.align	2
 158              	.LC0:
 159 0000 0000C842 		.word	1120403456
 160              	.LC1:
 161 0004 00606A47 		.word	1198153728
 162              		.section	.rodata.main.cst4,"aM",@progbits,4
 163              		.align	2
 164              	.LC4:
 165 0000 00004040 		.word	1077936128
 166              		.section	.rodata.main.str1.4,"aMS",@progbits,1
 167              		.align	2
 168              	.LC2:
 169 0000 4D6F746F 		.string	"Motor Test"
 169      72205465 
 169      737400
 170 000b 00       		.zero	1
 171              	.LC3:
 172 000c 52756E6E 		.string	"Running..."
 172      696E672E 
 172      2E2E00
 173              		.ident	"GCC: (xPack GNU RISC-V Embedded GCC, 32-bit) 8.2.0"
GAS LISTING C:\Users\LRNA\AppData\Local\Temp\cckzfKzv.s 			page 5


DEFINED SYMBOLS
                            *ABS*:0000000000000000 Sandbox.c
C:\Users\LRNA\AppData\Local\Temp\cckzfKzv.s:8      .text.Motor_Init:0000000000000000 Motor_Init
C:\Users\LRNA\AppData\Local\Temp\cckzfKzv.s:58     .text.SetBothMotors:0000000000000000 SetBothMotors
C:\Users\LRNA\AppData\Local\Temp\cckzfKzv.s:132    .text.startup.main:0000000000000000 main
C:\Users\LRNA\AppData\Local\Temp\cckzfKzv.s:158    .rodata.SetBothMotors.cst4:0000000000000000 .LC0
C:\Users\LRNA\AppData\Local\Temp\cckzfKzv.s:61     .text.SetBothMotors:0000000000000004 .L0 
C:\Users\LRNA\AppData\Local\Temp\cckzfKzv.s:160    .rodata.SetBothMotors.cst4:0000000000000004 .LC1
C:\Users\LRNA\AppData\Local\Temp\cckzfKzv.s:103    .text.SetBothMotors:0000000000000088 .L0 
C:\Users\LRNA\AppData\Local\Temp\cckzfKzv.s:100    .text.SetBothMotors:0000000000000086 .L7
C:\Users\LRNA\AppData\Local\Temp\cckzfKzv.s:78     .text.SetBothMotors:000000000000004a .L5
C:\Users\LRNA\AppData\Local\Temp\cckzfKzv.s:102    .text.SetBothMotors:0000000000000088 .L4
C:\Users\LRNA\AppData\Local\Temp\cckzfKzv.s:168    .rodata.main.str1.4:0000000000000000 .LC2
C:\Users\LRNA\AppData\Local\Temp\cckzfKzv.s:140    .text.startup.main:0000000000000028 .L0 
C:\Users\LRNA\AppData\Local\Temp\cckzfKzv.s:171    .rodata.main.str1.4:000000000000000c .LC3
C:\Users\LRNA\AppData\Local\Temp\cckzfKzv.s:145    .text.startup.main:000000000000003e .L0 
C:\Users\LRNA\AppData\Local\Temp\cckzfKzv.s:164    .rodata.main.cst4:0000000000000000 .LC4
C:\Users\LRNA\AppData\Local\Temp\cckzfKzv.s:148    .text.startup.main:0000000000000050 .L0 
C:\Users\LRNA\AppData\Local\Temp\cckzfKzv.s:151    .text.startup.main:0000000000000062 .L10

UNDEFINED SYMBOLS
GPIOA_ModeCfg
PWMX_16bit_CycleCfg
PWMX_16bit_ACTOUT
__gtsf2
__ltsf2
__mulsf3
__divsf3
__fixunssfsi
SetSysClock
OLED_Init
OLED_Clear
OLED_ShowString
mDelaymS
